0 info it worked if it ends with ok
1 verbose cli [ 'C:\\Program Files\\nodejs\\node.exe',
1 verbose cli   'C:\\Program Files\\nodejs\\node_modules\\npm\\bin\\npm-cli.js',
1 verbose cli   'install',
1 verbose cli   'dc.leaflet.js' ]
2 info using npm@2.14.20
3 info using node@v4.4.0
4 verbose config Skipping project config: C:\Users\Peyman.n/.npmrc. (matches userconfig)
5 verbose install initial load of C:\Users\Peyman.n\package.json
6 verbose installManyTop reading scoped package data from C:\Users\Peyman.n\node_modules\dc-addons\package.json
7 info package.json dc-addons@0.13.1 No license field.
8 verbose readDependencies loading dependencies from C:\Users\Peyman.n\package.json
9 silly cache add args [ 'dc.leaflet.js', null ]
10 verbose cache add spec dc.leaflet.js
11 silly cache add parsed spec Result {
11 silly cache add   raw: 'dc.leaflet.js',
11 silly cache add   scope: null,
11 silly cache add   name: 'dc.leaflet.js',
11 silly cache add   rawSpec: '',
11 silly cache add   spec: 'latest',
11 silly cache add   type: 'tag' }
12 silly addNamed dc.leaflet.js@latest
13 verbose addNamed "latest" is being treated as a dist-tag for dc.leaflet.js
14 info addNameTag [ 'dc.leaflet.js', 'latest' ]
15 silly mapToRegistry name dc.leaflet.js
16 silly mapToRegistry using default registry
17 silly mapToRegistry registry https://registry.npmjs.org/
18 silly mapToRegistry uri https://registry.npmjs.org/dc.leaflet.js
19 verbose addNameTag registry:https://registry.npmjs.org/dc.leaflet.js not in flight; fetching
20 verbose request uri https://registry.npmjs.org/dc.leaflet.js
21 verbose request no auth needed
22 info attempt registry request try #1 at 3:41:21 PM
23 verbose request id 44e893e65a727383
24 http request GET https://registry.npmjs.org/dc.leaflet.js
25 http 404 https://registry.npmjs.org/dc.leaflet.js
26 verbose headers { 'content-type': 'application/json',
26 verbose headers   'cache-control': 'max-age=0',
26 verbose headers   'content-length': '2',
26 verbose headers   'accept-ranges': 'bytes',
26 verbose headers   date: 'Wed, 18 May 2016 19:41:21 GMT',
26 verbose headers   via: '1.1 varnish',
26 verbose headers   age: '0',
26 verbose headers   connection: 'keep-alive',
26 verbose headers   'x-served-by': 'cache-jfk1044-JFK',
26 verbose headers   'x-cache': 'MISS',
26 verbose headers   'x-cache-hits': '0',
26 verbose headers   'x-timer': 'S1463600481.733784,VS0,VE82',
26 verbose headers   vary: 'Accept-Encoding' }
27 silly get cb [ 404,
27 silly get   { 'content-type': 'application/json',
27 silly get     'cache-control': 'max-age=0',
27 silly get     'content-length': '2',
27 silly get     'accept-ranges': 'bytes',
27 silly get     date: 'Wed, 18 May 2016 19:41:21 GMT',
27 silly get     via: '1.1 varnish',
27 silly get     age: '0',
27 silly get     connection: 'keep-alive',
27 silly get     'x-served-by': 'cache-jfk1044-JFK',
27 silly get     'x-cache': 'MISS',
27 silly get     'x-cache-hits': '0',
27 silly get     'x-timer': 'S1463600481.733784,VS0,VE82',
27 silly get     vary: 'Accept-Encoding' } ]
28 verbose stack Error: Registry returned 404 for GET on https://registry.npmjs.org/dc.leaflet.js
28 verbose stack     at makeError (C:\Program Files\nodejs\node_modules\npm\node_modules\npm-registry-client\lib\request.js:264:12)
28 verbose stack     at CachingRegistryClient.<anonymous> (C:\Program Files\nodejs\node_modules\npm\node_modules\npm-registry-client\lib\request.js:242:14)
28 verbose stack     at Request._callback (C:\Program Files\nodejs\node_modules\npm\node_modules\npm-registry-client\lib\request.js:172:14)
28 verbose stack     at Request.self.callback (C:\Program Files\nodejs\node_modules\npm\node_modules\request\request.js:199:22)
28 verbose stack     at emitTwo (events.js:87:13)
28 verbose stack     at Request.emit (events.js:172:7)
28 verbose stack     at Request.<anonymous> (C:\Program Files\nodejs\node_modules\npm\node_modules\request\request.js:1036:10)
28 verbose stack     at emitOne (events.js:82:20)
28 verbose stack     at Request.emit (events.js:169:7)
28 verbose stack     at IncomingMessage.<anonymous> (C:\Program Files\nodejs\node_modules\npm\node_modules\request\request.js:963:12)
29 verbose statusCode 404
30 verbose pkgid dc.leaflet.js
31 verbose cwd C:\Users\Peyman.n\Downloads\viz_mudbox\static\js
32 error Windows_NT 6.1.7601
33 error argv "C:\\Program Files\\nodejs\\node.exe" "C:\\Program Files\\nodejs\\node_modules\\npm\\bin\\npm-cli.js" "install" "dc.leaflet.js"
34 error node v4.4.0
35 error npm  v2.14.20
36 error code E404
37 error 404 Registry returned 404 for GET on https://registry.npmjs.org/dc.leaflet.js
37 error 404
37 error 404 'dc.leaflet.js' is not in the npm registry.
37 error 404 You should bug the author to publish it (or use the name yourself!)
37 error 404
37 error 404 Note that you can also install from a
37 error 404 tarball, folder, http url, or git url.
38 verbose exit [ 1, true ]
